<?xml version="1.0" encoding="UTF-8"?>
<testng-results ignored="0" total="19" passed="18" failed="1" skipped="0">
  <reporter-output>
  </reporter-output>
  <suite started-at="2026-04-09T18:11:29 IST" name="Test Suite" finished-at="2026-04-09T18:13:53 IST" duration-ms="143617">
    <groups>
    </groups>
    <test started-at="2026-04-09T18:11:29 IST" name="C:/Users/NSR/Desktop/mihir/seleniumHelperFramework/src/test/java" finished-at="2026-04-09T18:13:53 IST" duration-ms="143617">
      <class name="LoginPageTestCases">
        <test-method is-config="true" signature="beforeClass()[pri:0, instance:LoginPageTestCases@5c909414]" started-at="2026-04-09T18:11:29 IST" name="beforeClass" finished-at="2026-04-09T18:11:54 IST" duration-ms="24930" status="PASS">
          <reporter-output>
          </reporter-output>
        </test-method> <!-- beforeClass -->
        <test-method is-config="true" signature="beforeMethod()[pri:0, instance:LoginPageTestCases@5c909414]" started-at="2026-04-09T18:11:54 IST" name="beforeMethod" finished-at="2026-04-09T18:12:10 IST" duration-ms="16265" status="PASS">
          <reporter-output>
          </reporter-output>
        </test-method> <!-- beforeMethod -->
        <test-method signature="loginWithValidUser()[pri:0, instance:LoginPageTestCases@5c909414]" started-at="2026-04-09T18:12:10 IST" name="loginWithValidUser" finished-at="2026-04-09T18:12:16 IST" duration-ms="5869" status="PASS">
          <reporter-output>
          </reporter-output>
        </test-method> <!-- loginWithValidUser -->
        <test-method is-config="true" signature="afterMethod(org.testng.ITestResult)[pri:0, instance:LoginPageTestCases@5c909414]" started-at="2026-04-09T18:12:16 IST" name="afterMethod" finished-at="2026-04-09T18:12:20 IST" duration-ms="3827" status="PASS">
          <params>
            <param index="0">
              <value>
                <![CDATA[[TestResult name=loginWithValidUser status=SUCCESS method=LoginPageTestCases.loginWithValidUser()[pri:0, instance:LoginPageTestCases@5c909414] output={null}]]]>
              </value>
            </param>
          </params>
          <reporter-output>
          </reporter-output>
        </test-method> <!-- afterMethod -->
      </class> <!-- LoginPageTestCases -->
      <class name="RegisterPageTestCases">
        <test-method is-config="true" signature="beforeMethod()[pri:0, instance:RegisterPageTestCases@60d8c9b7]" started-at="2026-04-09T18:11:29 IST" name="beforeMethod" finished-at="2026-04-09T18:11:41 IST" duration-ms="11976" status="PASS">
          <reporter-output>
          </reporter-output>
        </test-method> <!-- beforeMethod -->
        <test-method signature="clickOnRegisterPageLink()[pri:0, instance:RegisterPageTestCases@60d8c9b7]" started-at="2026-04-09T18:11:41 IST" name="clickOnRegisterPageLink" finished-at="2026-04-09T18:11:50 IST" duration-ms="8762" status="PASS">
          <reporter-output>
          </reporter-output>
        </test-method> <!-- clickOnRegisterPageLink -->
        <test-method is-config="true" signature="afterMethod(org.testng.ITestResult)[pri:0, instance:RegisterPageTestCases@60d8c9b7]" started-at="2026-04-09T18:11:50 IST" name="afterMethod" finished-at="2026-04-09T18:11:54 IST" duration-ms="4614" status="PASS">
          <params>
            <param index="0">
              <value>
                <![CDATA[[TestResult name=clickOnRegisterPageLink status=SUCCESS method=RegisterPageTestCases.clickOnRegisterPageLink()[pri:0, instance:RegisterPageTestCases@60d8c9b7] output={null}]]]>
              </value>
            </param>
          </params>
          <reporter-output>
          </reporter-output>
        </test-method> <!-- afterMethod -->
        <test-method is-config="true" signature="beforeMethod()[pri:0, instance:RegisterPageTestCases@60d8c9b7]" started-at="2026-04-09T18:11:54 IST" name="beforeMethod" finished-at="2026-04-09T18:12:15 IST" duration-ms="20640" status="PASS">
          <reporter-output>
          </reporter-output>
        </test-method> <!-- beforeMethod -->
        <test-method signature="fillRegisterFormWithValidData()[pri:0, instance:RegisterPageTestCases@60d8c9b7]" started-at="2026-04-09T18:12:15 IST" name="fillRegisterFormWithValidData" finished-at="2026-04-09T18:12:20 IST" duration-ms="5327" status="PASS">
          <reporter-output>
          </reporter-output>
        </test-method> <!-- fillRegisterFormWithValidData -->
        <test-method is-config="true" signature="afterMethod(org.testng.ITestResult)[pri:0, instance:RegisterPageTestCases@60d8c9b7]" started-at="2026-04-09T18:12:20 IST" name="afterMethod" finished-at="2026-04-09T18:12:22 IST" duration-ms="1942" status="PASS">
          <params>
            <param index="0">
              <value>
                <![CDATA[[TestResult name=fillRegisterFormWithValidData status=SUCCESS method=RegisterPageTestCases.fillRegisterFormWithValidData()[pri:0, instance:RegisterPageTestCases@60d8c9b7] output={null}]]]>
              </value>
            </param>
          </params>
          <reporter-output>
          </reporter-output>
        </test-method> <!-- afterMethod -->
        <test-method is-config="true" signature="beforeMethod()[pri:0, instance:RegisterPageTestCases@60d8c9b7]" started-at="2026-04-09T18:12:22 IST" name="beforeMethod" finished-at="2026-04-09T18:12:30 IST" duration-ms="7852" status="PASS">
          <reporter-output>
          </reporter-output>
        </test-method> <!-- beforeMethod -->
        <test-method signature="passwordAndConfirmPasswordNotMatched()[pri:0, instance:RegisterPageTestCases@60d8c9b7]" started-at="2026-04-09T18:12:30 IST" name="passwordAndConfirmPasswordNotMatched" finished-at="2026-04-09T18:12:34 IST" duration-ms="3923" status="PASS">
          <reporter-output>
          </reporter-output>
        </test-method> <!-- passwordAndConfirmPasswordNotMatched -->
        <test-method is-config="true" signature="afterMethod(org.testng.ITestResult)[pri:0, instance:RegisterPageTestCases@60d8c9b7]" started-at="2026-04-09T18:12:34 IST" name="afterMethod" finished-at="2026-04-09T18:12:36 IST" duration-ms="1629" status="PASS">
          <params>
            <param index="0">
              <value>
                <![CDATA[[TestResult name=passwordAndConfirmPasswordNotMatched status=SUCCESS method=RegisterPageTestCases.passwordAndConfirmPasswordNotMatched()[pri:0, instance:RegisterPageTestCases@60d8c9b7] output={null}]]]>
              </value>
            </param>
          </params>
          <reporter-output>
          </reporter-output>
        </test-method> <!-- afterMethod -->
        <test-method is-config="true" signature="beforeMethod()[pri:0, instance:RegisterPageTestCases@60d8c9b7]" started-at="2026-04-09T18:12:36 IST" name="beforeMethod" finished-at="2026-04-09T18:12:44 IST" duration-ms="8180" status="PASS">
          <reporter-output>
          </reporter-output>
        </test-method> <!-- beforeMethod -->
        <test-method signature="registerWithBlankData()[pri:0, instance:RegisterPageTestCases@60d8c9b7]" started-at="2026-04-09T18:12:44 IST" name="registerWithBlankData" finished-at="2026-04-09T18:12:47 IST" duration-ms="2753" status="PASS">
          <reporter-output>
          </reporter-output>
        </test-method> <!-- registerWithBlankData -->
        <test-method is-config="true" signature="afterMethod(org.testng.ITestResult)[pri:0, instance:RegisterPageTestCases@60d8c9b7]" started-at="2026-04-09T18:12:47 IST" name="afterMethod" finished-at="2026-04-09T18:12:49 IST" duration-ms="2229" status="PASS">
          <params>
            <param index="0">
              <value>
                <![CDATA[[TestResult name=registerWithBlankData status=SUCCESS method=RegisterPageTestCases.registerWithBlankData()[pri:0, instance:RegisterPageTestCases@60d8c9b7] output={null}]]]>
              </value>
            </param>
          </params>
          <reporter-output>
          </reporter-output>
        </test-method> <!-- afterMethod -->
        <test-method is-config="true" signature="beforeMethod()[pri:0, instance:RegisterPageTestCases@60d8c9b7]" started-at="2026-04-09T18:12:49 IST" name="beforeMethod" finished-at="2026-04-09T18:13:00 IST" duration-ms="10742" status="PASS">
          <reporter-output>
          </reporter-output>
        </test-method> <!-- beforeMethod -->
        <test-method signature="verifyToEnterAlphabeticalValuesInPhoneNumber()[pri:0, instance:RegisterPageTestCases@60d8c9b7]" started-at="2026-04-09T18:13:00 IST" name="verifyToEnterAlphabeticalValuesInPhoneNumber" finished-at="2026-04-09T18:13:02 IST" duration-ms="2264" status="FAIL">
          <exception class="java.lang.AssertionError">
            <message>
              <![CDATA[Telephone error message not displayed expected [true] but found [false]]]>
            </message>
            <full-stacktrace>
              <![CDATA[java.lang.AssertionError: Telephone error message not displayed expected [true] but found [false]
at org.testng.Assert.fail(Assert.java:111)
at org.testng.Assert.failNotEquals(Assert.java:1590)
at org.testng.Assert.assertTrue(Assert.java:57)
at RegisterPageTestCases.verifyToEnterAlphabeticalValuesInPhoneNumber(RegisterPageTestCases.java:94)
at java.base/jdk.internal.reflect.DirectMethodHandleAccessor.invoke(DirectMethodHandleAccessor.java:104)
at java.base/java.lang.reflect.Method.invoke(Method.java:565)
at org.testng.internal.invokers.MethodInvocationHelper.invokeMethod(MethodInvocationHelper.java:141)
at org.testng.internal.invokers.TestInvoker.invokeMethod(TestInvoker.java:697)
at org.testng.internal.invokers.TestInvoker.invokeTestMethod(TestInvoker.java:230)
at org.testng.internal.invokers.MethodRunner.runInSequence(MethodRunner.java:63)
at org.testng.internal.invokers.TestInvoker$MethodInvocationAgent.invoke(TestInvoker.java:1005)
at org.testng.internal.invokers.TestInvoker.invokeTestMethods(TestInvoker.java:203)
at org.testng.internal.invokers.TestMethodWorker.invokeTestMethods(TestMethodWorker.java:154)
at org.testng.internal.invokers.TestMethodWorker.run(TestMethodWorker.java:134)
at java.base/java.util.concurrent.Executors$RunnableAdapter.call(Executors.java:545)
at java.base/java.util.concurrent.FutureTask.run(FutureTask.java:328)
at org.testng.internal.thread.graph.TestNGFutureTask.run(TestNGFutureTask.java:22)
at java.base/java.util.concurrent.ThreadPoolExecutor.runWorker(ThreadPoolExecutor.java:1090)
at java.base/java.util.concurrent.ThreadPoolExecutor$Worker.run(ThreadPoolExecutor.java:614)
at java.base/java.lang.Thread.run(Thread.java:1474)
]]>
            </full-stacktrace>
          </exception> <!-- java.lang.AssertionError -->
          <reporter-output>
          </reporter-output>
        </test-method> <!-- verifyToEnterAlphabeticalValuesInPhoneNumber -->
        <test-method is-config="true" signature="afterMethod(org.testng.ITestResult)[pri:0, instance:RegisterPageTestCases@60d8c9b7]" started-at="2026-04-09T18:13:02 IST" name="afterMethod" finished-at="2026-04-09T18:13:05 IST" duration-ms="2987" status="PASS">
          <params>
            <param index="0">
              <value>
                <![CDATA[[TestResult name=verifyToEnterAlphabeticalValuesInPhoneNumber status=FAILURE method=RegisterPageTestCases.verifyToEnterAlphabeticalValuesInPhoneNumber()[pri:0, instance:RegisterPageTestCases@60d8c9b7] output={null}]]]>
              </value>
            </param>
          </params>
          <reporter-output>
          </reporter-output>
        </test-method> <!-- afterMethod -->
      </class> <!-- RegisterPageTestCases -->
      <class name="homePageTestCases">
        <test-method is-config="true" signature="beforeMethod()[pri:0, instance:homePageTestCases@3967e60c]" started-at="2026-04-09T18:11:29 IST" name="beforeMethod" finished-at="2026-04-09T18:11:49 IST" duration-ms="19535" status="PASS">
          <reporter-output>
          </reporter-output>
        </test-method> <!-- beforeMethod -->
        <test-method signature="addToCartMultipleProducts()[pri:0, instance:homePageTestCases@3967e60c]" started-at="2026-04-09T18:11:49 IST" name="addToCartMultipleProducts" finished-at="2026-04-09T18:11:51 IST" duration-ms="2846" status="PASS">
          <reporter-output>
          </reporter-output>
        </test-method> <!-- addToCartMultipleProducts -->
        <test-method is-config="true" signature="afterMethod(org.testng.ITestResult)[pri:0, instance:homePageTestCases@3967e60c]" started-at="2026-04-09T18:11:51 IST" name="afterMethod" finished-at="2026-04-09T18:11:54 IST" duration-ms="2883" status="PASS">
          <params>
            <param index="0">
              <value>
                <![CDATA[[TestResult name=addToCartMultipleProducts status=SUCCESS method=homePageTestCases.addToCartMultipleProducts()[pri:0, instance:homePageTestCases@3967e60c] output={null}]]]>
              </value>
            </param>
          </params>
          <reporter-output>
          </reporter-output>
        </test-method> <!-- afterMethod -->
        <test-method is-config="true" signature="beforeMethod()[pri:0, instance:homePageTestCases@3967e60c]" started-at="2026-04-09T18:11:54 IST" name="beforeMethod" finished-at="2026-04-09T18:12:09 IST" duration-ms="14269" status="PASS">
          <reporter-output>
          </reporter-output>
        </test-method> <!-- beforeMethod -->
        <test-method signature="addToCartOneProduct()[pri:0, instance:homePageTestCases@3967e60c]" started-at="2026-04-09T18:12:09 IST" name="addToCartOneProduct" finished-at="2026-04-09T18:12:11 IST" duration-ms="2715" status="PASS">
          <reporter-output>
          </reporter-output>
        </test-method> <!-- addToCartOneProduct -->
        <test-method is-config="true" signature="afterMethod(org.testng.ITestResult)[pri:0, instance:homePageTestCases@3967e60c]" started-at="2026-04-09T18:12:11 IST" name="afterMethod" finished-at="2026-04-09T18:12:17 IST" duration-ms="5356" status="PASS">
          <params>
            <param index="0">
              <value>
                <![CDATA[[TestResult name=addToCartOneProduct status=SUCCESS method=homePageTestCases.addToCartOneProduct()[pri:0, instance:homePageTestCases@3967e60c] output={null}]]]>
              </value>
            </param>
          </params>
          <reporter-output>
          </reporter-output>
        </test-method> <!-- afterMethod -->
        <test-method is-config="true" signature="beforeMethod()[pri:0, instance:homePageTestCases@3967e60c]" started-at="2026-04-09T18:12:17 IST" name="beforeMethod" finished-at="2026-04-09T18:12:25 IST" duration-ms="8384" status="PASS">
          <reporter-output>
          </reporter-output>
        </test-method> <!-- beforeMethod -->
        <test-method signature="addToCartProductsBasedOnQuantity()[pri:0, instance:homePageTestCases@3967e60c]" started-at="2026-04-09T18:12:25 IST" name="addToCartProductsBasedOnQuantity" finished-at="2026-04-09T18:12:28 IST" duration-ms="2790" status="PASS">
          <reporter-output>
          </reporter-output>
        </test-method> <!-- addToCartProductsBasedOnQuantity -->
        <test-method is-config="true" signature="afterMethod(org.testng.ITestResult)[pri:0, instance:homePageTestCases@3967e60c]" started-at="2026-04-09T18:12:28 IST" name="afterMethod" finished-at="2026-04-09T18:12:31 IST" duration-ms="3032" status="PASS">
          <params>
            <param index="0">
              <value>
                <![CDATA[[TestResult name=addToCartProductsBasedOnQuantity status=SUCCESS method=homePageTestCases.addToCartProductsBasedOnQuantity()[pri:0, instance:homePageTestCases@3967e60c] output={null}]]]>
              </value>
            </param>
          </params>
          <reporter-output>
          </reporter-output>
        </test-method> <!-- afterMethod -->
        <test-method is-config="true" signature="beforeMethod()[pri:0, instance:homePageTestCases@3967e60c]" started-at="2026-04-09T18:12:31 IST" name="beforeMethod" finished-at="2026-04-09T18:12:39 IST" duration-ms="8252" status="PASS">
          <reporter-output>
          </reporter-output>
        </test-method> <!-- beforeMethod -->
        <test-method signature="ignore()[pri:0, instance:homePageTestCases@3967e60c]" started-at="2026-04-09T18:12:39 IST" name="ignore" finished-at="2026-04-09T18:12:45 IST" duration-ms="6240" status="PASS">
          <reporter-output>
          </reporter-output>
        </test-method> <!-- ignore -->
        <test-method is-config="true" signature="afterMethod(org.testng.ITestResult)[pri:0, instance:homePageTestCases@3967e60c]" started-at="2026-04-09T18:12:45 IST" name="afterMethod" finished-at="2026-04-09T18:12:48 IST" duration-ms="2181" status="PASS">
          <params>
            <param index="0">
              <value>
                <![CDATA[[TestResult name=ignore status=SUCCESS method=homePageTestCases.ignore()[pri:0, instance:homePageTestCases@3967e60c] output={null}]]]>
              </value>
            </param>
          </params>
          <reporter-output>
          </reporter-output>
        </test-method> <!-- afterMethod -->
        <test-method is-config="true" signature="beforeMethod()[pri:0, instance:homePageTestCases@3967e60c]" started-at="2026-04-09T18:12:48 IST" name="beforeMethod" finished-at="2026-04-09T18:12:56 IST" duration-ms="8745" status="PASS">
          <reporter-output>
          </reporter-output>
        </test-method> <!-- beforeMethod -->
        <test-method signature="navigateToLoginPage()[pri:0, instance:homePageTestCases@3967e60c]" started-at="2026-04-09T18:12:56 IST" name="navigateToLoginPage" finished-at="2026-04-09T18:12:59 IST" duration-ms="2250" status="PASS">
          <reporter-output>
          </reporter-output>
        </test-method> <!-- navigateToLoginPage -->
        <test-method is-config="true" signature="afterMethod(org.testng.ITestResult)[pri:0, instance:homePageTestCases@3967e60c]" started-at="2026-04-09T18:12:59 IST" name="afterMethod" finished-at="2026-04-09T18:13:01 IST" duration-ms="2140" status="PASS">
          <params>
            <param index="0">
              <value>
                <![CDATA[[TestResult name=navigateToLoginPage status=SUCCESS method=homePageTestCases.navigateToLoginPage()[pri:0, instance:homePageTestCases@3967e60c] output={null}]]]>
              </value>
            </param>
          </params>
          <reporter-output>
          </reporter-output>
        </test-method> <!-- afterMethod -->
        <test-method is-config="true" signature="beforeMethod()[pri:0, instance:homePageTestCases@3967e60c]" started-at="2026-04-09T18:13:01 IST" name="beforeMethod" finished-at="2026-04-09T18:13:07 IST" duration-ms="6747" status="PASS">
          <reporter-output>
          </reporter-output>
        </test-method> <!-- beforeMethod -->
        <test-method signature="selectCurrency()[pri:0, instance:homePageTestCases@3967e60c]" started-at="2026-04-09T18:13:07 IST" name="selectCurrency" finished-at="2026-04-09T18:13:08 IST" duration-ms="752" status="PASS">
          <reporter-output>
          </reporter-output>
        </test-method> <!-- selectCurrency -->
        <test-method is-config="true" signature="afterMethod(org.testng.ITestResult)[pri:0, instance:homePageTestCases@3967e60c]" started-at="2026-04-09T18:13:08 IST" name="afterMethod" finished-at="2026-04-09T18:13:10 IST" duration-ms="1796" status="PASS">
          <params>
            <param index="0">
              <value>
                <![CDATA[[TestResult name=selectCurrency status=SUCCESS method=homePageTestCases.selectCurrency()[pri:0, instance:homePageTestCases@3967e60c] output={null}]]]>
              </value>
            </param>
          </params>
          <reporter-output>
          </reporter-output>
        </test-method> <!-- afterMethod -->
        <test-method is-config="true" signature="beforeMethod()[pri:0, instance:homePageTestCases@3967e60c]" started-at="2026-04-09T18:13:10 IST" name="beforeMethod" finished-at="2026-04-09T18:13:16 IST" duration-ms="5993" status="PASS">
          <reporter-output>
          </reporter-output>
        </test-method> <!-- beforeMethod -->
        <test-method signature="verifyHomePageTitle()[pri:0, instance:homePageTestCases@3967e60c]" started-at="2026-04-09T18:13:16 IST" name="verifyHomePageTitle" finished-at="2026-04-09T18:13:16 IST" duration-ms="18" status="PASS">
          <reporter-output>
          </reporter-output>
        </test-method> <!-- verifyHomePageTitle -->
        <test-method is-config="true" signature="afterMethod(org.testng.ITestResult)[pri:0, instance:homePageTestCases@3967e60c]" started-at="2026-04-09T18:13:16 IST" name="afterMethod" finished-at="2026-04-09T18:13:18 IST" duration-ms="2265" status="PASS">
          <params>
            <param index="0">
              <value>
                <![CDATA[[TestResult name=verifyHomePageTitle status=SUCCESS method=homePageTestCases.verifyHomePageTitle()[pri:0, instance:homePageTestCases@3967e60c] output={null}]]]>
              </value>
            </param>
          </params>
          <reporter-output>
          </reporter-output>
        </test-method> <!-- afterMethod -->
        <test-method is-config="true" signature="beforeMethod()[pri:0, instance:homePageTestCases@3967e60c]" started-at="2026-04-09T18:13:18 IST" name="beforeMethod" finished-at="2026-04-09T18:13:25 IST" duration-ms="7236" status="PASS">
          <reporter-output>
          </reporter-output>
        </test-method> <!-- beforeMethod -->
        <test-method signature="verifyToCalculateTotalPriceInMiniCart()[pri:0, instance:homePageTestCases@3967e60c]" started-at="2026-04-09T18:13:25 IST" name="verifyToCalculateTotalPriceInMiniCart" finished-at="2026-04-09T18:13:28 IST" duration-ms="2141" status="PASS">
          <reporter-output>
          </reporter-output>
        </test-method> <!-- verifyToCalculateTotalPriceInMiniCart -->
        <test-method is-config="true" signature="afterMethod(org.testng.ITestResult)[pri:0, instance:homePageTestCases@3967e60c]" started-at="2026-04-09T18:13:28 IST" name="afterMethod" finished-at="2026-04-09T18:13:29 IST" duration-ms="1359" status="PASS">
          <params>
            <param index="0">
              <value>
                <![CDATA[[TestResult name=verifyToCalculateTotalPriceInMiniCart status=SUCCESS method=homePageTestCases.verifyToCalculateTotalPriceInMiniCart()[pri:0, instance:homePageTestCases@3967e60c] output={null}]]]>
              </value>
            </param>
          </params>
          <reporter-output>
          </reporter-output>
        </test-method> <!-- afterMethod -->
        <test-method is-config="true" signature="beforeMethod()[pri:0, instance:homePageTestCases@3967e60c]" started-at="2026-04-09T18:13:29 IST" name="beforeMethod" finished-at="2026-04-09T18:13:35 IST" duration-ms="5726" status="PASS">
          <reporter-output>
          </reporter-output>
        </test-method> <!-- beforeMethod -->
        <test-method signature="verifyToClickOnViewCartBtnInMiniCart()[pri:0, instance:homePageTestCases@3967e60c]" started-at="2026-04-09T18:13:35 IST" name="verifyToClickOnViewCartBtnInMiniCart" finished-at="2026-04-09T18:13:37 IST" duration-ms="1912" status="PASS">
          <reporter-output>
          </reporter-output>
        </test-method> <!-- verifyToClickOnViewCartBtnInMiniCart -->
        <test-method is-config="true" signature="afterMethod(org.testng.ITestResult)[pri:0, instance:homePageTestCases@3967e60c]" started-at="2026-04-09T18:13:37 IST" name="afterMethod" finished-at="2026-04-09T18:13:38 IST" duration-ms="1425" status="PASS">
          <params>
            <param index="0">
              <value>
                <![CDATA[[TestResult name=verifyToClickOnViewCartBtnInMiniCart status=SUCCESS method=homePageTestCases.verifyToClickOnViewCartBtnInMiniCart()[pri:0, instance:homePageTestCases@3967e60c] output={null}]]]>
              </value>
            </param>
          </params>
          <reporter-output>
          </reporter-output>
        </test-method> <!-- afterMethod -->
        <test-method is-config="true" signature="beforeMethod()[pri:0, instance:homePageTestCases@3967e60c]" started-at="2026-04-09T18:13:38 IST" name="beforeMethod" finished-at="2026-04-09T18:13:43 IST" duration-ms="5060" status="PASS">
          <reporter-output>
          </reporter-output>
        </test-method> <!-- beforeMethod -->
        <test-method signature="verifyToSearchBlankProduct()[pri:0, instance:homePageTestCases@3967e60c]" started-at="2026-04-09T18:13:43 IST" name="verifyToSearchBlankProduct" finished-at="2026-04-09T18:13:44 IST" duration-ms="755" status="PASS">
          <reporter-output>
          </reporter-output>
        </test-method> <!-- verifyToSearchBlankProduct -->
        <test-method is-config="true" signature="afterMethod(org.testng.ITestResult)[pri:0, instance:homePageTestCases@3967e60c]" started-at="2026-04-09T18:13:44 IST" name="afterMethod" finished-at="2026-04-09T18:13:45 IST" duration-ms="1462" status="PASS">
          <params>
            <param index="0">
              <value>
                <![CDATA[[TestResult name=verifyToSearchBlankProduct status=SUCCESS method=homePageTestCases.verifyToSearchBlankProduct()[pri:0, instance:homePageTestCases@3967e60c] output={null}]]]>
              </value>
            </param>
          </params>
          <reporter-output>
          </reporter-output>
        </test-method> <!-- afterMethod -->
        <test-method is-config="true" signature="beforeMethod()[pri:0, instance:homePageTestCases@3967e60c]" started-at="2026-04-09T18:13:45 IST" name="beforeMethod" finished-at="2026-04-09T18:13:50 IST" duration-ms="4963" status="PASS">
          <reporter-output>
          </reporter-output>
        </test-method> <!-- beforeMethod -->
        <test-method signature="verifyToSearchProduct()[pri:0, instance:homePageTestCases@3967e60c]" started-at="2026-04-09T18:13:50 IST" name="verifyToSearchProduct" finished-at="2026-04-09T18:13:51 IST" duration-ms="727" status="PASS">
          <reporter-output>
          </reporter-output>
        </test-method> <!-- verifyToSearchProduct -->
        <test-method is-config="true" signature="afterMethod(org.testng.ITestResult)[pri:0, instance:homePageTestCases@3967e60c]" started-at="2026-04-09T18:13:51 IST" name="afterMethod" finished-at="2026-04-09T18:13:53 IST" duration-ms="1611" status="PASS">
          <params>
            <param index="0">
              <value>
                <![CDATA[[TestResult name=verifyToSearchProduct status=SUCCESS method=homePageTestCases.verifyToSearchProduct()[pri:0, instance:homePageTestCases@3967e60c] output={null}]]]>
              </value>
            </param>
          </params>
          <reporter-output>
          </reporter-output>
        </test-method> <!-- afterMethod -->
      </class> <!-- homePageTestCases -->
      <class name="CartPageTestCases">
        <test-method is-config="true" signature="beforeSuite()[pri:0, instance:CartPageTestCases@794cb805]" started-at="2026-04-09T18:11:29 IST" name="beforeSuite" finished-at="2026-04-09T18:11:29 IST" duration-ms="18" status="PASS">
          <reporter-output>
          </reporter-output>
        </test-method> <!-- beforeSuite -->
        <test-method is-config="true" signature="beforeMethod()[pri:0, instance:CartPageTestCases@794cb805]" started-at="2026-04-09T18:11:29 IST" name="beforeMethod" finished-at="2026-04-09T18:11:42 IST" duration-ms="13010" status="PASS">
          <reporter-output>
          </reporter-output>
        </test-method> <!-- beforeMethod -->
        <test-method signature="openEmptyShoppingCart()[pri:0, instance:CartPageTestCases@794cb805]" started-at="2026-04-09T18:11:42 IST" name="openEmptyShoppingCart" finished-at="2026-04-09T18:11:44 IST" duration-ms="2269" status="PASS">
          <reporter-output>
          </reporter-output>
        </test-method> <!-- openEmptyShoppingCart -->
        <test-method is-config="true" signature="afterMethod(org.testng.ITestResult)[pri:0, instance:CartPageTestCases@794cb805]" started-at="2026-04-09T18:11:44 IST" name="afterMethod" finished-at="2026-04-09T18:11:54 IST" duration-ms="9286" status="PASS">
          <params>
            <param index="0">
              <value>
                <![CDATA[[TestResult name=openEmptyShoppingCart status=SUCCESS method=CartPageTestCases.openEmptyShoppingCart()[pri:0, instance:CartPageTestCases@794cb805] output={null}]]]>
              </value>
            </param>
          </params>
          <reporter-output>
          </reporter-output>
        </test-method> <!-- afterMethod -->
        <test-method is-config="true" signature="beforeMethod()[pri:0, instance:CartPageTestCases@794cb805]" started-at="2026-04-09T18:11:54 IST" name="beforeMethod" finished-at="2026-04-09T18:12:05 IST" duration-ms="11716" status="PASS">
          <reporter-output>
          </reporter-output>
        </test-method> <!-- beforeMethod -->
        <test-method signature="openShoppingCartAndClickOnContinueButton()[pri:0, instance:CartPageTestCases@794cb805]" started-at="2026-04-09T18:12:05 IST" name="openShoppingCartAndClickOnContinueButton" finished-at="2026-04-09T18:12:12 IST" duration-ms="6390" status="PASS">
          <reporter-output>
          </reporter-output>
        </test-method> <!-- openShoppingCartAndClickOnContinueButton -->
        <test-method is-config="true" signature="afterMethod(org.testng.ITestResult)[pri:0, instance:CartPageTestCases@794cb805]" started-at="2026-04-09T18:12:12 IST" name="afterMethod" finished-at="2026-04-09T18:12:17 IST" duration-ms="4784" status="PASS">
          <params>
            <param index="0">
              <value>
                <![CDATA[[TestResult name=openShoppingCartAndClickOnContinueButton status=SUCCESS method=CartPageTestCases.openShoppingCartAndClickOnContinueButton()[pri:0, instance:CartPageTestCases@794cb805] output={null}]]]>
              </value>
            </param>
          </params>
          <reporter-output>
          </reporter-output>
        </test-method> <!-- afterMethod -->
      </class> <!-- CartPageTestCases -->
    </test> <!-- C:/Users/NSR/Desktop/mihir/seleniumHelperFramework/src/test/java -->
  </suite> <!-- Test Suite -->
</testng-results>
