<?xml version="1.0" encoding="UTF-8"?>
<testsuite xmlns:xsi="http://www.w3.org/2001/XMLSchema-instance" xsi:noNamespaceSchemaLocation="https://maven.apache.org/surefire/maven-surefire-plugin/xsd/surefire-test-report-3.0.xsd" version="3.0" name="TestSuite" time="144.179" tests="19" errors="0" skipped="0" failures="1">
  <properties>
[...]
</properties>
  <testcase name="openEmptyShoppingCart" classname="CartPageTestCases" time="2.297">
    <system-err><![CDATA[SLF4J(W): No SLF4J providers were found.
SLF4J(W): Defaulting to no-operation (NOP) logger implementation
SLF4J(W): See https://www.slf4j.org/codes.html#noProviders for further details.
]]></system-err>
  </testcase>
  <testcase name="openShoppingCartAndClickOnContinueButton" classname="CartPageTestCases" time="1.519"/>
  <testcase name="clickOnRegisterPageLink" classname="RegisterPageTestCases" time="1.204"/>
  <testcase name="fillRegisterFormWithValidData" classname="RegisterPageTestCases" time="5.318"/>
  <testcase name="passwordAndConfirmPasswordNotMatched" classname="RegisterPageTestCases" time="3.923"/>
  <testcase name="registerWithBlankData" classname="RegisterPageTestCases" time="2.752"/>
  <testcase name="verifyToEnterAlphabeticalValuesInPhoneNumber" classname="RegisterPageTestCases" time="2.759">
    <failure message="Telephone error message not displayed expected [true] but found [false]" type="java.lang.AssertionError"><![CDATA[java.lang.AssertionError: Telephone error message not displayed expected [true] but found [false]
	at org.testng.Assert.fail(Assert.java:111)
	at org.testng.Assert.failNotEquals(Assert.java:1590)
	at org.testng.Assert.assertTrue(Assert.java:57)
	at RegisterPageTestCases.verifyToEnterAlphabeticalValuesInPhoneNumber(RegisterPageTestCases.java:94)
	at java.base/jdk.internal.reflect.DirectMethodHandleAccessor.invoke(DirectMethodHandleAccessor.java:104)
	at java.base/java.lang.reflect.Method.invoke(Method.java:565)
	at org.testng.internal.invokers.MethodInvocationHelper.invokeMethod(MethodInvocationHelper.java:141)
	at org.testng.internal.invokers.TestInvoker.invokeMethod(TestInvoker.java:697)
	at org.testng.internal.invokers.TestInvoker.invokeTestMethod(TestInvoker.java:230)
	at org.testng.internal.invokers.MethodRunner.runInSequence(MethodRunner.java:63)
	at org.testng.internal.invokers.TestInvoker$MethodInvocationAgent.invoke(TestInvoker.java:1005)
	at org.testng.internal.invokers.TestInvoker.invokeTestMethods(TestInvoker.java:203)
	at org.testng.internal.invokers.TestMethodWorker.invokeTestMethods(TestMethodWorker.java:154)
	at org.testng.internal.invokers.TestMethodWorker.run(TestMethodWorker.java:134)
	at java.base/java.util.concurrent.Executors$RunnableAdapter.call(Executors.java:545)
	at java.base/java.util.concurrent.FutureTask.run(FutureTask.java:328)
	at org.testng.internal.thread.graph.TestNGFutureTask.run(TestNGFutureTask.java:22)
	at java.base/java.util.concurrent.ThreadPoolExecutor.runWorker(ThreadPoolExecutor.java:1090)
	at java.base/java.util.concurrent.ThreadPoolExecutor$Worker.run(ThreadPoolExecutor.java:614)
	at java.base/java.lang.Thread.run(Thread.java:1474)
]]></failure>
    <system-err><![CDATA[org.openqa.selenium.UnhandledAlertException: Unexpected alert dialog detected. Performed handler "dismiss": 
error
undefined
Build info: version: '4.41.0', revision: '9fc754f'
System info: os.name: 'Windows 11', os.arch: 'amd64', os.version: '10.0', java.version: '25.0.2'
Driver info: org.openqa.selenium.firefox.FirefoxDriver
Command: [c13c6b91-5178-4bda-88d2-797a89cb2ef9, findElement {value=//label[text() = 'Telephone']/following-sibling::div/div, using=xpath}]
Capabilities {acceptInsecureCerts: true, browserName: firefox, browserVersion: 149.0, moz:accessibilityChecks: false, moz:buildID: 20260318190823, moz:geckodriverVersion: 0.36.0, moz:headless: false, moz:platformVersion: 10.0, moz:processID: 17620, moz:profile: C:\Users\NSR\AppData\Local\..., moz:shutdownTimeout: 60000, moz:webdriverClick: true, moz:windowless: false, pageLoadStrategy: normal, platformName: windows, proxy: Proxy(), setWindowRect: true, strictFileInteractability: false, timeouts: {implicit: 0, pageLoad: 300000, script: 30000}, unhandledPromptBehavior: dismiss and notify, userAgent: Mozilla/5.0 (Windows NT 10....}
Session ID: c13c6b91-5178-4bda-88d2-797a89cb2ef9
	at org.openqa.selenium.remote.codec.w3c.W3CHttpResponseCodec.decode(W3CHttpResponseCodec.java:140)
	at org.openqa.selenium.remote.codec.w3c.W3CHttpResponseCodec.decode(W3CHttpResponseCodec.java:49)
	at org.openqa.selenium.remote.HttpCommandExecutor.execute(HttpCommandExecutor.java:223)
	at org.openqa.selenium.remote.service.DriverCommandExecutor.invokeExecute(DriverCommandExecutor.java:216)
	at org.openqa.selenium.remote.service.DriverCommandExecutor.execute(DriverCommandExecutor.java:174)
	at org.openqa.selenium.remote.RemoteWebDriver.execute(RemoteWebDriver.java:604)
	at org.openqa.selenium.remote.ElementLocation$ElementFinder$2.findElement(ElementLocation.java:166)
	at org.openqa.selenium.remote.ElementLocation.findElement(ElementLocation.java:60)
	at org.openqa.selenium.remote.RemoteWebDriver.findElement(RemoteWebDriver.java:427)
	at org.openqa.selenium.remote.RemoteWebDriver.findElement(RemoteWebDriver.java:421)
	at org.openqa.selenium.support.ui.ExpectedConditions$6.apply(ExpectedConditions.java:193)
	at org.openqa.selenium.support.ui.ExpectedConditions$6.apply(ExpectedConditions.java:188)
	at org.openqa.selenium.support.ui.FluentWait.until(FluentWait.java:209)
	at utils.WaitUtils.waitUntilElementToBeVisible(WaitUtils.java:30)
	at utils.SeleniumHelper.isElementDisplayed(SeleniumHelper.java:31)
	at pageObjectsModels.RegisterPageObject.isTelephoneErrorMsgDisplayed(RegisterPageObject.java:135)
	at RegisterPageTestCases.verifyToEnterAlphabeticalValuesInPhoneNumber(RegisterPageTestCases.java:94)
	at java.base/jdk.internal.reflect.DirectMethodHandleAccessor.invoke(DirectMethodHandleAccessor.java:104)
	at java.base/java.lang.reflect.Method.invoke(Method.java:565)
	at org.testng.internal.invokers.MethodInvocationHelper.invokeMethod(MethodInvocationHelper.java:141)
	at org.testng.internal.invokers.TestInvoker.invokeMethod(TestInvoker.java:697)
	at org.testng.internal.invokers.TestInvoker.invokeTestMethod(TestInvoker.java:230)
	at org.testng.internal.invokers.MethodRunner.runInSequence(MethodRunner.java:63)
	at org.testng.internal.invokers.TestInvoker$MethodInvocationAgent.invoke(TestInvoker.java:1005)
	at org.testng.internal.invokers.TestInvoker.invokeTestMethods(TestInvoker.java:203)
	at org.testng.internal.invokers.TestMethodWorker.invokeTestMethods(TestMethodWorker.java:154)
	at org.testng.internal.invokers.TestMethodWorker.run(TestMethodWorker.java:134)
	at java.base/java.util.concurrent.Executors$RunnableAdapter.call(Executors.java:545)
	at java.base/java.util.concurrent.FutureTask.run(FutureTask.java:328)
	at org.testng.internal.thread.graph.TestNGFutureTask.run(TestNGFutureTask.java:22)
	at java.base/java.util.concurrent.ThreadPoolExecutor.runWorker(ThreadPoolExecutor.java:1090)
	at java.base/java.util.concurrent.ThreadPoolExecutor$Worker.run(ThreadPoolExecutor.java:614)
	at java.base/java.lang.Thread.run(Thread.java:1474)
]]></system-err>
  </testcase>
  <testcase name="addToCartMultipleProducts" classname="homePageTestCases" time="2.847"/>
  <testcase name="addToCartOneProduct" classname="homePageTestCases" time="1.063"/>
  <testcase name="addToCartProductsBasedOnQuantity" classname="homePageTestCases" time="2.79"/>
  <testcase name="ignore" classname="homePageTestCases" time="1.462"/>
  <testcase name="navigateToLoginPage" classname="homePageTestCases" time="2.251"/>
  <testcase name="selectCurrency" classname="homePageTestCases" time="0.752"/>
  <testcase name="verifyHomePageTitle" classname="homePageTestCases" time="0.019"/>
  <testcase name="verifyToCalculateTotalPriceInMiniCart" classname="homePageTestCases" time="2.142"/>
  <testcase name="verifyToClickOnViewCartBtnInMiniCart" classname="homePageTestCases" time="1.911"/>
  <testcase name="verifyToSearchBlankProduct" classname="homePageTestCases" time="0.754"/>
  <testcase name="verifyToSearchProduct" classname="homePageTestCases" time="0.738">
    <system-out><![CDATA[Total Search Results: 3
]]></system-out>
  </testcase>
  <testcase name="loginWithValidUser" classname="LoginPageTestCases" time="1.053"/>
</testsuite>