<?xml version="1.0" encoding="UTF-8"?>
<!-- Generated by org.testng.reporters.JUnitReportReporter -->
<testsuite hostname="DESKTOP-79BL4E1" failures="1" tests="5" name="RegisterPageTestCases" time="95.820" errors="0" timestamp="2026-04-09T18:13:53 IST" skipped="0">
  <testcase classname="RegisterPageTestCases" name="fillRegisterFormWithValidData" time="20.290"/>
  <testcase classname="RegisterPageTestCases" name="passwordAndConfirmPasswordNotMatched" time="13.732"/>
  <testcase classname="RegisterPageTestCases" name="verifyToEnterAlphabeticalValuesInPhoneNumber" time="27.518">
    <failure message="Telephone error message not displayed expected [true] but found [false]" type="java.lang.AssertionError">
      <![CDATA[java.lang.AssertionError: Telephone error message not displayed expected [true] but found [false]
at org.testng.Assert.fail(Assert.java:111)
at org.testng.Assert.failNotEquals(Assert.java:1590)
at org.testng.Assert.assertTrue(Assert.java:57)
at RegisterPageTestCases.verifyToEnterAlphabeticalValuesInPhoneNumber(RegisterPageTestCases.java:94)
at java.base/jdk.internal.reflect.DirectMethodHandleAccessor.invoke(DirectMethodHandleAccessor.java:104)
at java.base/java.lang.reflect.Method.invoke(Method.java:565)
at org.testng.internal.invokers.MethodInvocationHelper.invokeMethod(MethodInvocationHelper.java:141)
at org.testng.internal.invokers.TestInvoker.invokeMethod(TestInvoker.java:697)
at org.testng.internal.invokers.TestInvoker.invokeTestMethod(TestInvoker.java:230)
at org.testng.internal.invokers.MethodRunner.runInSequence(MethodRunner.java:63)
at org.testng.internal.invokers.TestInvoker$MethodInvocationAgent.invoke(TestInvoker.java:1005)
at org.testng.internal.invokers.TestInvoker.invokeTestMethods(TestInvoker.java:203)
at org.testng.internal.invokers.TestMethodWorker.invokeTestMethods(TestMethodWorker.java:154)
at org.testng.internal.invokers.TestMethodWorker.run(TestMethodWorker.java:134)
at java.base/java.util.concurrent.Executors$RunnableAdapter.call(Executors.java:545)
at java.base/java.util.concurrent.FutureTask.run(FutureTask.java:328)
at org.testng.internal.thread.graph.TestNGFutureTask.run(TestNGFutureTask.java:22)
at java.base/java.util.concurrent.ThreadPoolExecutor.runWorker(ThreadPoolExecutor.java:1090)
at java.base/java.util.concurrent.ThreadPoolExecutor$Worker.run(ThreadPoolExecutor.java:614)
at java.base/java.lang.Thread.run(Thread.java:1474)
]]>
    </failure>
  </testcase> <!-- verifyToEnterAlphabeticalValuesInPhoneNumber -->
  <testcase classname="RegisterPageTestCases" name="registerWithBlankData" time="12.834"/>
  <testcase classname="RegisterPageTestCases" name="clickOnRegisterPageLink" time="21.446"/>
</testsuite> <!-- RegisterPageTestCases -->
