<?xml version="1.0" encoding="UTF-8"?>
<!-- Generated by org.testng.reporters.JUnitReportReporter -->
<testsuite hostname="DESKTOP-79BL4E1" failures="0" tests="11" name="homePageTestCases" time="143.566" errors="0" timestamp="2026-04-09T18:13:53 IST" skipped="0">
  <testcase classname="homePageTestCases" name="navigateToLoginPage" time="12.354"/>
  <testcase classname="homePageTestCases" name="ignore" time="15.127"/>
  <testcase classname="homePageTestCases" name="verifyToSearchProduct" time="10.907"/>
  <testcase classname="homePageTestCases" name="addToCartOneProduct" time="12.216"/>
  <testcase classname="homePageTestCases" name="verifyHomePageTitle" time="7.162"/>
  <testcase classname="homePageTestCases" name="verifyToClickOnViewCartBtnInMiniCart" time="9.516"/>
  <testcase classname="homePageTestCases" name="addToCartMultipleProducts" time="18.540"/>
  <testcase classname="homePageTestCases" name="verifyToCalculateTotalPriceInMiniCart" time="13.223"/>
  <testcase classname="homePageTestCases" name="selectCurrency" time="11.887"/>
  <testcase classname="homePageTestCases" name="verifyToSearchBlankProduct" time="8.847"/>
  <testcase classname="homePageTestCases" name="addToCartProductsBasedOnQuantity" time="23.787"/>
</testsuite> <!-- homePageTestCases -->
